<?xml version="1.0" encoding="UTF-8"?>
<testsuite xmlns:xsi="http://www.w3.org/2001/XMLSchema-instance" xsi:noNamespaceSchemaLocation="https://maven.apache.org/surefire/maven-surefire-plugin/xsd/surefire-test-report.xsd" name="com.nutrymaco.jobsite.JobsiteApplicationTests" time="5.461" tests="1" errors="0" skipped="0" failures="0">
  <properties>
    <property name="java.specification.version" value="14"/>
    <property name="sun.jnu.encoding" value="UTF-8"/>
    <property name="java.class.path" value="/Users/smykovefim/Documents/MyProjects/Java/jobsite/target/test-classes:/Users/smykovefim/Documents/MyProjects/Java/jobsite/target/classes:/Users/smykovefim/.m2/repository/org/springframework/boot/spring-boot-starter-data-jpa/2.3.1.RELEASE/spring-boot-starter-data-jpa-2.3.1.RELEASE.jar:/Users/smykovefim/.m2/repository/org/springframework/boot/spring-boot-starter-aop/2.3.1.RELEASE/spring-boot-starter-aop-2.3.1.RELEASE.jar:/Users/smykovefim/.m2/repository/org/springframework/spring-aop/5.2.7.RELEASE/spring-aop-5.2.7.RELEASE.jar:/Users/smykovefim/.m2/repository/org/aspectj/aspectjweaver/1.9.5/aspectjweaver-1.9.5.jar:/Users/smykovefim/.m2/repository/org/springframework/boot/spring-boot-starter-jdbc/2.3.1.RELEASE/spring-boot-starter-jdbc-2.3.1.RELEASE.jar:/Users/smykovefim/.m2/repository/com/zaxxer/HikariCP/3.4.5/HikariCP-3.4.5.jar:/Users/smykovefim/.m2/repository/org/springframework/spring-jdbc/5.2.7.RELEASE/spring-jdbc-5.2.7.RELEASE.jar:/Users/smykovefim/.m2/repository/jakarta/transaction/jakarta.transaction-api/1.3.3/jakarta.transaction-api-1.3.3.jar:/Users/smykovefim/.m2/repository/jakarta/persistence/jakarta.persistence-api/2.2.3/jakarta.persistence-api-2.2.3.jar:/Users/smykovefim/.m2/repository/org/hibernate/hibernate-core/5.4.17.Final/hibernate-core-5.4.17.Final.jar:/Users/smykovefim/.m2/repository/org/jboss/logging/jboss-logging/3.4.1.Final/jboss-logging-3.4.1.Final.jar:/Users/smykovefim/.m2/repository/org/javassist/javassist/3.24.0-GA/javassist-3.24.0-GA.jar:/Users/smykovefim/.m2/repository/net/bytebuddy/byte-buddy/1.10.11/byte-buddy-1.10.11.jar:/Users/smykovefim/.m2/repository/antlr/antlr/2.7.7/antlr-2.7.7.jar:/Users/smykovefim/.m2/repository/org/jboss/jandex/2.1.3.Final/jandex-2.1.3.Final.jar:/Users/smykovefim/.m2/repository/com/fasterxml/classmate/1.5.1/classmate-1.5.1.jar:/Users/smykovefim/.m2/repository/org/dom4j/dom4j/2.1.3/dom4j-2.1.3.jar:/Users/smykovefim/.m2/repository/org/hibernate/common/hibernate-commons-annotations/5.1.0.Final/hibernate-commons-annotations-5.1.0.Final.jar:/Users/smykovefim/.m2/repository/org/glassfish/jaxb/jaxb-runtime/2.3.3/jaxb-runtime-2.3.3.jar:/Users/smykovefim/.m2/repository/org/glassfish/jaxb/txw2/2.3.3/txw2-2.3.3.jar:/Users/smykovefim/.m2/repository/com/sun/istack/istack-commons-runtime/3.0.11/istack-commons-runtime-3.0.11.jar:/Users/smykovefim/.m2/repository/com/sun/activation/jakarta.activation/1.2.2/jakarta.activation-1.2.2.jar:/Users/smykovefim/.m2/repository/org/springframework/data/spring-data-jpa/2.3.1.RELEASE/spring-data-jpa-2.3.1.RELEASE.jar:/Users/smykovefim/.m2/repository/org/springframework/data/spring-data-commons/2.3.1.RELEASE/spring-data-commons-2.3.1.RELEASE.jar:/Users/smykovefim/.m2/repository/org/springframework/spring-orm/5.2.7.RELEASE/spring-orm-5.2.7.RELEASE.jar:/Users/smykovefim/.m2/repository/org/springframework/spring-context/5.2.7.RELEASE/spring-context-5.2.7.RELEASE.jar:/Users/smykovefim/.m2/repository/org/springframework/spring-tx/5.2.7.RELEASE/spring-tx-5.2.7.RELEASE.jar:/Users/smykovefim/.m2/repository/org/springframework/spring-beans/5.2.7.RELEASE/spring-beans-5.2.7.RELEASE.jar:/Users/smykovefim/.m2/repository/org/slf4j/slf4j-api/1.7.30/slf4j-api-1.7.30.jar:/Users/smykovefim/.m2/repository/org/springframework/spring-aspects/5.2.7.RELEASE/spring-aspects-5.2.7.RELEASE.jar:/Users/smykovefim/.m2/repository/org/springframework/boot/spring-boot-starter-data-elasticsearch/2.3.1.RELEASE/spring-boot-starter-data-elasticsearch-2.3.1.RELEASE.jar:/Users/smykovefim/.m2/repository/org/springframework/boot/spring-boot-starter/2.3.1.RELEASE/spring-boot-starter-2.3.1.RELEASE.jar:/Users/smykovefim/.m2/repository/org/springframework/boot/spring-boot/2.3.1.RELEASE/spring-boot-2.3.1.RELEASE.jar:/Users/smykovefim/.m2/repository/org/springframework/boot/spring-boot-autoconfigure/2.3.1.RELEASE/spring-boot-autoconfigure-2.3.1.RELEASE.jar:/Users/smykovefim/.m2/repository/org/springframework/boot/spring-boot-starter-logging/2.3.1.RELEASE/spring-boot-starter-logging-2.3.1.RELEASE.jar:/Users/smykovefim/.m2/repository/ch/qos/logback/logback-classic/1.2.3/logback-classic-1.2.3.jar:/Users/smykovefim/.m2/repository/ch/qos/logback/logback-core/1.2.3/logback-core-1.2.3.jar:/Users/smykovefim/.m2/repository/org/apache/logging/log4j/log4j-to-slf4j/2.13.3/log4j-to-slf4j-2.13.3.jar:/Users/smykovefim/.m2/repository/org/apache/logging/log4j/log4j-api/2.13.3/log4j-api-2.13.3.jar:/Users/smykovefim/.m2/repository/org/slf4j/jul-to-slf4j/1.7.30/jul-to-slf4j-1.7.30.jar:/Users/smykovefim/.m2/repository/jakarta/annotation/jakarta.annotation-api/1.3.5/jakarta.annotation-api-1.3.5.jar:/Users/smykovefim/.m2/repository/org/yaml/snakeyaml/1.26/snakeyaml-1.26.jar:/Users/smykovefim/.m2/repository/org/springframework/data/spring-data-elasticsearch/4.0.1.RELEASE/spring-data-elasticsearch-4.0.1.RELEASE.jar:/Users/smykovefim/.m2/repository/org/elasticsearch/plugin/transport-netty4-client/7.6.2/transport-netty4-client-7.6.2.jar:/Users/smykovefim/.m2/repository/io/netty/netty-buffer/4.1.50.Final/netty-buffer-4.1.50.Final.jar:/Users/smykovefim/.m2/repository/io/netty/netty-codec/4.1.50.Final/netty-codec-4.1.50.Final.jar:/Users/smykovefim/.m2/repository/io/netty/netty-codec-http/4.1.50.Final/netty-codec-http-4.1.50.Final.jar:/Users/smykovefim/.m2/repository/io/netty/netty-resolver/4.1.50.Final/netty-resolver-4.1.50.Final.jar:/Users/smykovefim/.m2/repository/org/elasticsearch/client/elasticsearch-rest-high-level-client/7.6.2/elasticsearch-rest-high-level-client-7.6.2.jar:/Users/smykovefim/.m2/repository/org/elasticsearch/elasticsearch/7.6.2/elasticsearch-7.6.2.jar:/Users/smykovefim/.m2/repository/org/elasticsearch/elasticsearch-core/7.6.2/elasticsearch-core-7.6.2.jar:/Users/smykovefim/.m2/repository/org/elasticsearch/elasticsearch-secure-sm/7.6.2/elasticsearch-secure-sm-7.6.2.jar:/Users/smykovefim/.m2/repository/org/elasticsearch/elasticsearch-x-content/7.6.2/elasticsearch-x-content-7.6.2.jar:/Users/smykovefim/.m2/repository/com/fasterxml/jackson/dataformat/jackson-dataformat-smile/2.11.0/jackson-dataformat-smile-2.11.0.jar:/Users/smykovefim/.m2/repository/com/fasterxml/jackson/dataformat/jackson-dataformat-yaml/2.11.0/jackson-dataformat-yaml-2.11.0.jar:/Users/smykovefim/.m2/repository/com/fasterxml/jackson/dataformat/jackson-dataformat-cbor/2.11.0/jackson-dataformat-cbor-2.11.0.jar:/Users/smykovefim/.m2/repository/org/elasticsearch/elasticsearch-geo/7.6.2/elasticsearch-geo-7.6.2.jar:/Users/smykovefim/.m2/repository/org/apache/lucene/lucene-core/8.4.0/lucene-core-8.4.0.jar:/Users/smykovefim/.m2/repository/org/apache/lucene/lucene-analyzers-common/8.4.0/lucene-analyzers-common-8.4.0.jar:/Users/smykovefim/.m2/repository/org/apache/lucene/lucene-backward-codecs/8.4.0/lucene-backward-codecs-8.4.0.jar:/Users/smykovefim/.m2/repository/org/apache/lucene/lucene-grouping/8.4.0/lucene-grouping-8.4.0.jar:/Users/smykovefim/.m2/repository/org/apache/lucene/lucene-highlighter/8.4.0/lucene-highlighter-8.4.0.jar:/Users/smykovefim/.m2/repository/org/apache/lucene/lucene-join/8.4.0/lucene-join-8.4.0.jar:/Users/smykovefim/.m2/repository/org/apache/lucene/lucene-memory/8.4.0/lucene-memory-8.4.0.jar:/Users/smykovefim/.m2/repository/org/apache/lucene/lucene-misc/8.4.0/lucene-misc-8.4.0.jar:/Users/smykovefim/.m2/repository/org/apache/lucene/lucene-queries/8.4.0/lucene-queries-8.4.0.jar:/Users/smykovefim/.m2/repository/org/apache/lucene/lucene-queryparser/8.4.0/lucene-queryparser-8.4.0.jar:/Users/smykovefim/.m2/repository/org/apache/lucene/lucene-sandbox/8.4.0/lucene-sandbox-8.4.0.jar:/Users/smykovefim/.m2/repository/org/apache/lucene/lucene-spatial/8.4.0/lucene-spatial-8.4.0.jar:/Users/smykovefim/.m2/repository/org/apache/lucene/lucene-spatial-extras/8.4.0/lucene-spatial-extras-8.4.0.jar:/Users/smykovefim/.m2/repository/org/apache/lucene/lucene-spatial3d/8.4.0/lucene-spatial3d-8.4.0.jar:/Users/smykovefim/.m2/repository/org/apache/lucene/lucene-suggest/8.4.0/lucene-suggest-8.4.0.jar:/Users/smykovefim/.m2/repository/org/elasticsearch/elasticsearch-cli/7.6.2/elasticsearch-cli-7.6.2.jar:/Users/smykovefim/.m2/repository/net/sf/jopt-simple/jopt-simple/5.0.2/jopt-simple-5.0.2.jar:/Users/smykovefim/.m2/repository/com/carrotsearch/hppc/0.8.1/hppc-0.8.1.jar:/Users/smykovefim/.m2/repository/joda-time/joda-time/2.10.4/joda-time-2.10.4.jar:/Users/smykovefim/.m2/repository/com/tdunning/t-digest/3.2/t-digest-3.2.jar:/Users/smykovefim/.m2/repository/org/hdrhistogram/HdrHistogram/2.1.9/HdrHistogram-2.1.9.jar:/Users/smykovefim/.m2/repository/org/elasticsearch/jna/4.5.1/jna-4.5.1.jar:/Users/smykovefim/.m2/repository/org/elasticsearch/client/elasticsearch-rest-client/7.6.2/elasticsearch-rest-client-7.6.2.jar:/Users/smykovefim/.m2/repository/org/apache/httpcomponents/httpasyncclient/4.1.4/httpasyncclient-4.1.4.jar:/Users/smykovefim/.m2/repository/org/apache/httpcomponents/httpcore-nio/4.4.13/httpcore-nio-4.4.13.jar:/Users/smykovefim/.m2/repository/commons-codec/commons-codec/1.14/commons-codec-1.14.jar:/Users/smykovefim/.m2/repository/org/elasticsearch/plugin/mapper-extras-client/7.6.2/mapper-extras-client-7.6.2.jar:/Users/smykovefim/.m2/repository/org/elasticsearch/plugin/parent-join-client/7.6.2/parent-join-client-7.6.2.jar:/Users/smykovefim/.m2/repository/org/elasticsearch/plugin/aggs-matrix-stats-client/7.6.2/aggs-matrix-stats-client-7.6.2.jar:/Users/smykovefim/.m2/repository/org/elasticsearch/plugin/rank-eval-client/7.6.2/rank-eval-client-7.6.2.jar:/Users/smykovefim/.m2/repository/org/elasticsearch/plugin/lang-mustache-client/7.6.2/lang-mustache-client-7.6.2.jar:/Users/smykovefim/.m2/repository/com/github/spullara/mustache/java/compiler/0.9.6/compiler-0.9.6.jar:/Users/smykovefim/.m2/repository/com/fasterxml/jackson/core/jackson-core/2.11.0/jackson-core-2.11.0.jar:/Users/smykovefim/.m2/repository/org/springframework/boot/spring-boot-starter-data-neo4j/2.3.1.RELEASE/spring-boot-starter-data-neo4j-2.3.1.RELEASE.jar:/Users/smykovefim/.m2/repository/org/springframework/data/spring-data-neo4j/5.3.1.RELEASE/spring-data-neo4j-5.3.1.RELEASE.jar:/Users/smykovefim/.m2/repository/org/neo4j/neo4j-ogm-core/3.2.12/neo4j-ogm-core-3.2.12.jar:/Users/smykovefim/.m2/repository/org/apache/commons/commons-lang3/3.10/commons-lang3-3.10.jar:/Users/smykovefim/.m2/repository/io/github/classgraph/classgraph/4.8.72/classgraph-4.8.72.jar:/Users/smykovefim/.m2/repository/org/neo4j/neo4j-ogm-api/3.2.12/neo4j-ogm-api-3.2.12.jar:/Users/smykovefim/.m2/repository/org/neo4j/neo4j-ogm-bolt-driver/3.2.12/neo4j-ogm-bolt-driver-3.2.12.jar:/Users/smykovefim/.m2/repository/org/neo4j/driver/neo4j-java-driver/4.0.1/neo4j-java-driver-4.0.1.jar:/Users/smykovefim/.m2/repository/org/springframework/boot/spring-boot-starter-data-redis/2.3.1.RELEASE/spring-boot-starter-data-redis-2.3.1.RELEASE.jar:/Users/smykovefim/.m2/repository/org/springframework/data/spring-data-redis/2.3.1.RELEASE/spring-data-redis-2.3.1.RELEASE.jar:/Users/smykovefim/.m2/repository/org/springframework/data/spring-data-keyvalue/2.3.1.RELEASE/spring-data-keyvalue-2.3.1.RELEASE.jar:/Users/smykovefim/.m2/repository/org/springframework/spring-oxm/5.2.7.RELEASE/spring-oxm-5.2.7.RELEASE.jar:/Users/smykovefim/.m2/repository/org/springframework/spring-context-support/5.2.7.RELEASE/spring-context-support-5.2.7.RELEASE.jar:/Users/smykovefim/.m2/repository/io/lettuce/lettuce-core/5.3.1.RELEASE/lettuce-core-5.3.1.RELEASE.jar:/Users/smykovefim/.m2/repository/io/netty/netty-common/4.1.50.Final/netty-common-4.1.50.Final.jar:/Users/smykovefim/.m2/repository/io/netty/netty-handler/4.1.50.Final/netty-handler-4.1.50.Final.jar:/Users/smykovefim/.m2/repository/io/netty/netty-transport/4.1.50.Final/netty-transport-4.1.50.Final.jar:/Users/smykovefim/.m2/repository/io/projectreactor/reactor-core/3.3.6.RELEASE/reactor-core-3.3.6.RELEASE.jar:/Users/smykovefim/.m2/repository/org/reactivestreams/reactive-streams/1.0.3/reactive-streams-1.0.3.jar:/Users/smykovefim/.m2/repository/org/springframework/boot/spring-boot-starter-hateoas/2.3.1.RELEASE/spring-boot-starter-hateoas-2.3.1.RELEASE.jar:/Users/smykovefim/.m2/repository/org/springframework/hateoas/spring-hateoas/1.1.0.RELEASE/spring-hateoas-1.1.0.RELEASE.jar:/Users/smykovefim/.m2/repository/org/springframework/plugin/spring-plugin-core/2.0.0.RELEASE/spring-plugin-core-2.0.0.RELEASE.jar:/Users/smykovefim/.m2/repository/org/springframework/boot/spring-boot-starter-web/2.3.1.RELEASE/spring-boot-starter-web-2.3.1.RELEASE.jar:/Users/smykovefim/.m2/repository/org/springframework/boot/spring-boot-starter-json/2.3.1.RELEASE/spring-boot-starter-json-2.3.1.RELEASE.jar:/Users/smykovefim/.m2/repository/com/fasterxml/jackson/datatype/jackson-datatype-jdk8/2.11.0/jackson-datatype-jdk8-2.11.0.jar:/Users/smykovefim/.m2/repository/com/fasterxml/jackson/datatype/jackson-datatype-jsr310/2.11.0/jackson-datatype-jsr310-2.11.0.jar:/Users/smykovefim/.m2/repository/com/fasterxml/jackson/module/jackson-module-parameter-names/2.11.0/jackson-module-parameter-names-2.11.0.jar:/Users/smykovefim/.m2/repository/org/springframework/boot/spring-boot-starter-tomcat/2.3.1.RELEASE/spring-boot-starter-tomcat-2.3.1.RELEASE.jar:/Users/smykovefim/.m2/repository/org/apache/tomcat/embed/tomcat-embed-core/9.0.36/tomcat-embed-core-9.0.36.jar:/Users/smykovefim/.m2/repository/org/glassfish/jakarta.el/3.0.3/jakarta.el-3.0.3.jar:/Users/smykovefim/.m2/repository/org/apache/tomcat/embed/tomcat-embed-websocket/9.0.36/tomcat-embed-websocket-9.0.36.jar:/Users/smykovefim/.m2/repository/org/springframework/spring-web/5.2.7.RELEASE/spring-web-5.2.7.RELEASE.jar:/Users/smykovefim/.m2/repository/org/springframework/spring-webmvc/5.2.7.RELEASE/spring-webmvc-5.2.7.RELEASE.jar:/Users/smykovefim/.m2/repository/org/springframework/spring-expression/5.2.7.RELEASE/spring-expression-5.2.7.RELEASE.jar:/Users/smykovefim/.m2/repository/org/postgresql/postgresql/42.2.14/postgresql-42.2.14.jar:/Users/smykovefim/.m2/repository/org/springframework/boot/spring-boot-starter-test/2.3.1.RELEASE/spring-boot-starter-test-2.3.1.RELEASE.jar:/Users/smykovefim/.m2/repository/org/springframework/boot/spring-boot-test/2.3.1.RELEASE/spring-boot-test-2.3.1.RELEASE.jar:/Users/smykovefim/.m2/repository/org/springframework/boot/spring-boot-test-autoconfigure/2.3.1.RELEASE/spring-boot-test-autoconfigure-2.3.1.RELEASE.jar:/Users/smykovefim/.m2/repository/com/jayway/jsonpath/json-path/2.4.0/json-path-2.4.0.jar:/Users/smykovefim/.m2/repository/net/minidev/json-smart/2.3/json-smart-2.3.jar:/Users/smykovefim/.m2/repository/net/minidev/accessors-smart/1.2/accessors-smart-1.2.jar:/Users/smykovefim/.m2/repository/org/ow2/asm/asm/5.0.4/asm-5.0.4.jar:/Users/smykovefim/.m2/repository/jakarta/xml/bind/jakarta.xml.bind-api/2.3.3/jakarta.xml.bind-api-2.3.3.jar:/Users/smykovefim/.m2/repository/jakarta/activation/jakarta.activation-api/1.2.2/jakarta.activation-api-1.2.2.jar:/Users/smykovefim/.m2/repository/org/assertj/assertj-core/3.16.1/assertj-core-3.16.1.jar:/Users/smykovefim/.m2/repository/org/hamcrest/hamcrest/2.2/hamcrest-2.2.jar:/Users/smykovefim/.m2/repository/org/junit/jupiter/junit-jupiter/5.6.2/junit-jupiter-5.6.2.jar:/Users/smykovefim/.m2/repository/org/junit/jupiter/junit-jupiter-api/5.6.2/junit-jupiter-api-5.6.2.jar:/Users/smykovefim/.m2/repository/org/apiguardian/apiguardian-api/1.1.0/apiguardian-api-1.1.0.jar:/Users/smykovefim/.m2/repository/org/opentest4j/opentest4j/1.2.0/opentest4j-1.2.0.jar:/Users/smykovefim/.m2/repository/org/junit/platform/junit-platform-commons/1.6.2/junit-platform-commons-1.6.2.jar:/Users/smykovefim/.m2/repository/org/junit/jupiter/junit-jupiter-params/5.6.2/junit-jupiter-params-5.6.2.jar:/Users/smykovefim/.m2/repository/org/junit/jupiter/junit-jupiter-engine/5.6.2/junit-jupiter-engine-5.6.2.jar:/Users/smykovefim/.m2/repository/org/junit/platform/junit-platform-engine/1.6.2/junit-platform-engine-1.6.2.jar:/Users/smykovefim/.m2/repository/org/mockito/mockito-core/3.3.3/mockito-core-3.3.3.jar:/Users/smykovefim/.m2/repository/net/bytebuddy/byte-buddy-agent/1.10.11/byte-buddy-agent-1.10.11.jar:/Users/smykovefim/.m2/repository/org/objenesis/objenesis/2.6/objenesis-2.6.jar:/Users/smykovefim/.m2/repository/org/mockito/mockito-junit-jupiter/3.3.3/mockito-junit-jupiter-3.3.3.jar:/Users/smykovefim/.m2/repository/org/skyscreamer/jsonassert/1.5.0/jsonassert-1.5.0.jar:/Users/smykovefim/.m2/repository/com/vaadin/external/google/android-json/0.0.20131108.vaadin1/android-json-0.0.20131108.vaadin1.jar:/Users/smykovefim/.m2/repository/org/springframework/spring-core/5.2.7.RELEASE/spring-core-5.2.7.RELEASE.jar:/Users/smykovefim/.m2/repository/org/springframework/spring-jcl/5.2.7.RELEASE/spring-jcl-5.2.7.RELEASE.jar:/Users/smykovefim/.m2/repository/org/springframework/spring-test/5.2.7.RELEASE/spring-test-5.2.7.RELEASE.jar:/Users/smykovefim/.m2/repository/org/xmlunit/xmlunit-core/2.7.0/xmlunit-core-2.7.0.jar:/Users/smykovefim/.m2/repository/org/projectlombok/lombok/1.18.12/lombok-1.18.12.jar:/Users/smykovefim/.m2/repository/io/jsonwebtoken/jjwt/0.9.1/jjwt-0.9.1.jar:/Users/smykovefim/.m2/repository/com/fasterxml/jackson/core/jackson-databind/2.11.0/jackson-databind-2.11.0.jar:/Users/smykovefim/.m2/repository/com/fasterxml/jackson/core/jackson-annotations/2.11.0/jackson-annotations-2.11.0.jar:/Users/smykovefim/.m2/repository/javax/xml/bind/jaxb-api/2.3.1/jaxb-api-2.3.1.jar:/Users/smykovefim/.m2/repository/javax/activation/javax.activation-api/1.2.0/javax.activation-api-1.2.0.jar:/Users/smykovefim/.m2/repository/org/json/json/20200518/json-20200518.jar:/Users/smykovefim/.m2/repository/com/vladmihalcea/hibernate-types-52/2.9.13/hibernate-types-52-2.9.13.jar:/Users/smykovefim/.m2/repository/com/fasterxml/jackson/module/jackson-module-jaxb-annotations/2.11.0/jackson-module-jaxb-annotations-2.11.0.jar:/Users/smykovefim/.m2/repository/com/google/api-client/google-api-client/1.30.4/google-api-client-1.30.4.jar:/Users/smykovefim/.m2/repository/com/google/oauth-client/google-oauth-client/1.30.3/google-oauth-client-1.30.3.jar:/Users/smykovefim/.m2/repository/com/google/http-client/google-http-client/1.32.1/google-http-client-1.32.1.jar:/Users/smykovefim/.m2/repository/org/apache/httpcomponents/httpclient/4.5.12/httpclient-4.5.12.jar:/Users/smykovefim/.m2/repository/org/apache/httpcomponents/httpcore/4.4.13/httpcore-4.4.13.jar:/Users/smykovefim/.m2/repository/io/opencensus/opencensus-api/0.24.0/opencensus-api-0.24.0.jar:/Users/smykovefim/.m2/repository/io/grpc/grpc-context/1.22.1/grpc-context-1.22.1.jar:/Users/smykovefim/.m2/repository/io/opencensus/opencensus-contrib-http-util/0.24.0/opencensus-contrib-http-util-0.24.0.jar:/Users/smykovefim/.m2/repository/com/google/code/findbugs/jsr305/3.0.2/jsr305-3.0.2.jar:/Users/smykovefim/.m2/repository/com/google/http-client/google-http-client-jackson2/1.32.1/google-http-client-jackson2-1.32.1.jar:/Users/smykovefim/.m2/repository/com/google/guava/guava/28.0-android/guava-28.0-android.jar:/Users/smykovefim/.m2/repository/com/google/guava/failureaccess/1.0.1/failureaccess-1.0.1.jar:/Users/smykovefim/.m2/repository/com/google/guava/listenablefuture/9999.0-empty-to-avoid-conflict-with-guava/listenablefuture-9999.0-empty-to-avoid-conflict-with-guava.jar:/Users/smykovefim/.m2/repository/org/checkerframework/checker-compat-qual/2.5.5/checker-compat-qual-2.5.5.jar:/Users/smykovefim/.m2/repository/com/google/errorprone/error_prone_annotations/2.3.2/error_prone_annotations-2.3.2.jar:/Users/smykovefim/.m2/repository/com/google/j2objc/j2objc-annotations/1.3/j2objc-annotations-1.3.jar:/Users/smykovefim/.m2/repository/org/codehaus/mojo/animal-sniffer-annotations/1.17/animal-sniffer-annotations-1.17.jar:"/>
    <property name="java.vm.vendor" value="Oracle Corporation"/>
    <property name="sun.arch.data.model" value="64"/>
    <property name="java.vendor.url" value="https://java.oracle.com/"/>
    <property name="os.name" value="Mac OS X"/>
    <property name="java.vm.specification.version" value="14"/>
    <property name="sun.java.launcher" value="SUN_STANDARD"/>
    <property name="user.country" value="GB"/>
    <property name="sun.boot.library.path" value="/Library/Java/JavaVirtualMachines/jdk-14.jdk/Contents/Home/lib"/>
    <property name="sun.java.command" value="/Users/smykovefim/Documents/MyProjects/Java/jobsite/target/surefire/surefirebooter8461783697607314595.jar /Users/smykovefim/Documents/MyProjects/Java/jobsite/target/surefire 2020-09-09T21-59-19_752-jvmRun1 surefire12612003736571686291tmp surefire_0165321244771648541tmp"/>
    <property name="http.nonProxyHosts" value="local|*.local|169.254/16|*.169.254/16"/>
    <property name="jdk.debug" value="release"/>
    <property name="surefire.test.class.path" value="/Users/smykovefim/Documents/MyProjects/Java/jobsite/target/test-classes:/Users/smykovefim/Documents/MyProjects/Java/jobsite/target/classes:/Users/smykovefim/.m2/repository/org/springframework/boot/spring-boot-starter-data-jpa/2.3.1.RELEASE/spring-boot-starter-data-jpa-2.3.1.RELEASE.jar:/Users/smykovefim/.m2/repository/org/springframework/boot/spring-boot-starter-aop/2.3.1.RELEASE/spring-boot-starter-aop-2.3.1.RELEASE.jar:/Users/smykovefim/.m2/repository/org/springframework/spring-aop/5.2.7.RELEASE/spring-aop-5.2.7.RELEASE.jar:/Users/smykovefim/.m2/repository/org/aspectj/aspectjweaver/1.9.5/aspectjweaver-1.9.5.jar:/Users/smykovefim/.m2/repository/org/springframework/boot/spring-boot-starter-jdbc/2.3.1.RELEASE/spring-boot-starter-jdbc-2.3.1.RELEASE.jar:/Users/smykovefim/.m2/repository/com/zaxxer/HikariCP/3.4.5/HikariCP-3.4.5.jar:/Users/smykovefim/.m2/repository/org/springframework/spring-jdbc/5.2.7.RELEASE/spring-jdbc-5.2.7.RELEASE.jar:/Users/smykovefim/.m2/repository/jakarta/transaction/jakarta.transaction-api/1.3.3/jakarta.transaction-api-1.3.3.jar:/Users/smykovefim/.m2/repository/jakarta/persistence/jakarta.persistence-api/2.2.3/jakarta.persistence-api-2.2.3.jar:/Users/smykovefim/.m2/repository/org/hibernate/hibernate-core/5.4.17.Final/hibernate-core-5.4.17.Final.jar:/Users/smykovefim/.m2/repository/org/jboss/logging/jboss-logging/3.4.1.Final/jboss-logging-3.4.1.Final.jar:/Users/smykovefim/.m2/repository/org/javassist/javassist/3.24.0-GA/javassist-3.24.0-GA.jar:/Users/smykovefim/.m2/repository/net/bytebuddy/byte-buddy/1.10.11/byte-buddy-1.10.11.jar:/Users/smykovefim/.m2/repository/antlr/antlr/2.7.7/antlr-2.7.7.jar:/Users/smykovefim/.m2/repository/org/jboss/jandex/2.1.3.Final/jandex-2.1.3.Final.jar:/Users/smykovefim/.m2/repository/com/fasterxml/classmate/1.5.1/classmate-1.5.1.jar:/Users/smykovefim/.m2/repository/org/dom4j/dom4j/2.1.3/dom4j-2.1.3.jar:/Users/smykovefim/.m2/repository/org/hibernate/common/hibernate-commons-annotations/5.1.0.Final/hibernate-commons-annotations-5.1.0.Final.jar:/Users/smykovefim/.m2/repository/org/glassfish/jaxb/jaxb-runtime/2.3.3/jaxb-runtime-2.3.3.jar:/Users/smykovefim/.m2/repository/org/glassfish/jaxb/txw2/2.3.3/txw2-2.3.3.jar:/Users/smykovefim/.m2/repository/com/sun/istack/istack-commons-runtime/3.0.11/istack-commons-runtime-3.0.11.jar:/Users/smykovefim/.m2/repository/com/sun/activation/jakarta.activation/1.2.2/jakarta.activation-1.2.2.jar:/Users/smykovefim/.m2/repository/org/springframework/data/spring-data-jpa/2.3.1.RELEASE/spring-data-jpa-2.3.1.RELEASE.jar:/Users/smykovefim/.m2/repository/org/springframework/data/spring-data-commons/2.3.1.RELEASE/spring-data-commons-2.3.1.RELEASE.jar:/Users/smykovefim/.m2/repository/org/springframework/spring-orm/5.2.7.RELEASE/spring-orm-5.2.7.RELEASE.jar:/Users/smykovefim/.m2/repository/org/springframework/spring-context/5.2.7.RELEASE/spring-context-5.2.7.RELEASE.jar:/Users/smykovefim/.m2/repository/org/springframework/spring-tx/5.2.7.RELEASE/spring-tx-5.2.7.RELEASE.jar:/Users/smykovefim/.m2/repository/org/springframework/spring-beans/5.2.7.RELEASE/spring-beans-5.2.7.RELEASE.jar:/Users/smykovefim/.m2/repository/org/slf4j/slf4j-api/1.7.30/slf4j-api-1.7.30.jar:/Users/smykovefim/.m2/repository/org/springframework/spring-aspects/5.2.7.RELEASE/spring-aspects-5.2.7.RELEASE.jar:/Users/smykovefim/.m2/repository/org/springframework/boot/spring-boot-starter-data-elasticsearch/2.3.1.RELEASE/spring-boot-starter-data-elasticsearch-2.3.1.RELEASE.jar:/Users/smykovefim/.m2/repository/org/springframework/boot/spring-boot-starter/2.3.1.RELEASE/spring-boot-starter-2.3.1.RELEASE.jar:/Users/smykovefim/.m2/repository/org/springframework/boot/spring-boot/2.3.1.RELEASE/spring-boot-2.3.1.RELEASE.jar:/Users/smykovefim/.m2/repository/org/springframework/boot/spring-boot-autoconfigure/2.3.1.RELEASE/spring-boot-autoconfigure-2.3.1.RELEASE.jar:/Users/smykovefim/.m2/repository/org/springframework/boot/spring-boot-starter-logging/2.3.1.RELEASE/spring-boot-starter-logging-2.3.1.RELEASE.jar:/Users/smykovefim/.m2/repository/ch/qos/logback/logback-classic/1.2.3/logback-classic-1.2.3.jar:/Users/smykovefim/.m2/repository/ch/qos/logback/logback-core/1.2.3/logback-core-1.2.3.jar:/Users/smykovefim/.m2/repository/org/apache/logging/log4j/log4j-to-slf4j/2.13.3/log4j-to-slf4j-2.13.3.jar:/Users/smykovefim/.m2/repository/org/apache/logging/log4j/log4j-api/2.13.3/log4j-api-2.13.3.jar:/Users/smykovefim/.m2/repository/org/slf4j/jul-to-slf4j/1.7.30/jul-to-slf4j-1.7.30.jar:/Users/smykovefim/.m2/repository/jakarta/annotation/jakarta.annotation-api/1.3.5/jakarta.annotation-api-1.3.5.jar:/Users/smykovefim/.m2/repository/org/yaml/snakeyaml/1.26/snakeyaml-1.26.jar:/Users/smykovefim/.m2/repository/org/springframework/data/spring-data-elasticsearch/4.0.1.RELEASE/spring-data-elasticsearch-4.0.1.RELEASE.jar:/Users/smykovefim/.m2/repository/org/elasticsearch/plugin/transport-netty4-client/7.6.2/transport-netty4-client-7.6.2.jar:/Users/smykovefim/.m2/repository/io/netty/netty-buffer/4.1.50.Final/netty-buffer-4.1.50.Final.jar:/Users/smykovefim/.m2/repository/io/netty/netty-codec/4.1.50.Final/netty-codec-4.1.50.Final.jar:/Users/smykovefim/.m2/repository/io/netty/netty-codec-http/4.1.50.Final/netty-codec-http-4.1.50.Final.jar:/Users/smykovefim/.m2/repository/io/netty/netty-resolver/4.1.50.Final/netty-resolver-4.1.50.Final.jar:/Users/smykovefim/.m2/repository/org/elasticsearch/client/elasticsearch-rest-high-level-client/7.6.2/elasticsearch-rest-high-level-client-7.6.2.jar:/Users/smykovefim/.m2/repository/org/elasticsearch/elasticsearch/7.6.2/elasticsearch-7.6.2.jar:/Users/smykovefim/.m2/repository/org/elasticsearch/elasticsearch-core/7.6.2/elasticsearch-core-7.6.2.jar:/Users/smykovefim/.m2/repository/org/elasticsearch/elasticsearch-secure-sm/7.6.2/elasticsearch-secure-sm-7.6.2.jar:/Users/smykovefim/.m2/repository/org/elasticsearch/elasticsearch-x-content/7.6.2/elasticsearch-x-content-7.6.2.jar:/Users/smykovefim/.m2/repository/com/fasterxml/jackson/dataformat/jackson-dataformat-smile/2.11.0/jackson-dataformat-smile-2.11.0.jar:/Users/smykovefim/.m2/repository/com/fasterxml/jackson/dataformat/jackson-dataformat-yaml/2.11.0/jackson-dataformat-yaml-2.11.0.jar:/Users/smykovefim/.m2/repository/com/fasterxml/jackson/dataformat/jackson-dataformat-cbor/2.11.0/jackson-dataformat-cbor-2.11.0.jar:/Users/smykovefim/.m2/repository/org/elasticsearch/elasticsearch-geo/7.6.2/elasticsearch-geo-7.6.2.jar:/Users/smykovefim/.m2/repository/org/apache/lucene/lucene-core/8.4.0/lucene-core-8.4.0.jar:/Users/smykovefim/.m2/repository/org/apache/lucene/lucene-analyzers-common/8.4.0/lucene-analyzers-common-8.4.0.jar:/Users/smykovefim/.m2/repository/org/apache/lucene/lucene-backward-codecs/8.4.0/lucene-backward-codecs-8.4.0.jar:/Users/smykovefim/.m2/repository/org/apache/lucene/lucene-grouping/8.4.0/lucene-grouping-8.4.0.jar:/Users/smykovefim/.m2/repository/org/apache/lucene/lucene-highlighter/8.4.0/lucene-highlighter-8.4.0.jar:/Users/smykovefim/.m2/repository/org/apache/lucene/lucene-join/8.4.0/lucene-join-8.4.0.jar:/Users/smykovefim/.m2/repository/org/apache/lucene/lucene-memory/8.4.0/lucene-memory-8.4.0.jar:/Users/smykovefim/.m2/repository/org/apache/lucene/lucene-misc/8.4.0/lucene-misc-8.4.0.jar:/Users/smykovefim/.m2/repository/org/apache/lucene/lucene-queries/8.4.0/lucene-queries-8.4.0.jar:/Users/smykovefim/.m2/repository/org/apache/lucene/lucene-queryparser/8.4.0/lucene-queryparser-8.4.0.jar:/Users/smykovefim/.m2/repository/org/apache/lucene/lucene-sandbox/8.4.0/lucene-sandbox-8.4.0.jar:/Users/smykovefim/.m2/repository/org/apache/lucene/lucene-spatial/8.4.0/lucene-spatial-8.4.0.jar:/Users/smykovefim/.m2/repository/org/apache/lucene/lucene-spatial-extras/8.4.0/lucene-spatial-extras-8.4.0.jar:/Users/smykovefim/.m2/repository/org/apache/lucene/lucene-spatial3d/8.4.0/lucene-spatial3d-8.4.0.jar:/Users/smykovefim/.m2/repository/org/apache/lucene/lucene-suggest/8.4.0/lucene-suggest-8.4.0.jar:/Users/smykovefim/.m2/repository/org/elasticsearch/elasticsearch-cli/7.6.2/elasticsearch-cli-7.6.2.jar:/Users/smykovefim/.m2/repository/net/sf/jopt-simple/jopt-simple/5.0.2/jopt-simple-5.0.2.jar:/Users/smykovefim/.m2/repository/com/carrotsearch/hppc/0.8.1/hppc-0.8.1.jar:/Users/smykovefim/.m2/repository/joda-time/joda-time/2.10.4/joda-time-2.10.4.jar:/Users/smykovefim/.m2/repository/com/tdunning/t-digest/3.2/t-digest-3.2.jar:/Users/smykovefim/.m2/repository/org/hdrhistogram/HdrHistogram/2.1.9/HdrHistogram-2.1.9.jar:/Users/smykovefim/.m2/repository/org/elasticsearch/jna/4.5.1/jna-4.5.1.jar:/Users/smykovefim/.m2/repository/org/elasticsearch/client/elasticsearch-rest-client/7.6.2/elasticsearch-rest-client-7.6.2.jar:/Users/smykovefim/.m2/repository/org/apache/httpcomponents/httpasyncclient/4.1.4/httpasyncclient-4.1.4.jar:/Users/smykovefim/.m2/repository/org/apache/httpcomponents/httpcore-nio/4.4.13/httpcore-nio-4.4.13.jar:/Users/smykovefim/.m2/repository/commons-codec/commons-codec/1.14/commons-codec-1.14.jar:/Users/smykovefim/.m2/repository/org/elasticsearch/plugin/mapper-extras-client/7.6.2/mapper-extras-client-7.6.2.jar:/Users/smykovefim/.m2/repository/org/elasticsearch/plugin/parent-join-client/7.6.2/parent-join-client-7.6.2.jar:/Users/smykovefim/.m2/repository/org/elasticsearch/plugin/aggs-matrix-stats-client/7.6.2/aggs-matrix-stats-client-7.6.2.jar:/Users/smykovefim/.m2/repository/org/elasticsearch/plugin/rank-eval-client/7.6.2/rank-eval-client-7.6.2.jar:/Users/smykovefim/.m2/repository/org/elasticsearch/plugin/lang-mustache-client/7.6.2/lang-mustache-client-7.6.2.jar:/Users/smykovefim/.m2/repository/com/github/spullara/mustache/java/compiler/0.9.6/compiler-0.9.6.jar:/Users/smykovefim/.m2/repository/com/fasterxml/jackson/core/jackson-core/2.11.0/jackson-core-2.11.0.jar:/Users/smykovefim/.m2/repository/org/springframework/boot/spring-boot-starter-data-neo4j/2.3.1.RELEASE/spring-boot-starter-data-neo4j-2.3.1.RELEASE.jar:/Users/smykovefim/.m2/repository/org/springframework/data/spring-data-neo4j/5.3.1.RELEASE/spring-data-neo4j-5.3.1.RELEASE.jar:/Users/smykovefim/.m2/repository/org/neo4j/neo4j-ogm-core/3.2.12/neo4j-ogm-core-3.2.12.jar:/Users/smykovefim/.m2/repository/org/apache/commons/commons-lang3/3.10/commons-lang3-3.10.jar:/Users/smykovefim/.m2/repository/io/github/classgraph/classgraph/4.8.72/classgraph-4.8.72.jar:/Users/smykovefim/.m2/repository/org/neo4j/neo4j-ogm-api/3.2.12/neo4j-ogm-api-3.2.12.jar:/Users/smykovefim/.m2/repository/org/neo4j/neo4j-ogm-bolt-driver/3.2.12/neo4j-ogm-bolt-driver-3.2.12.jar:/Users/smykovefim/.m2/repository/org/neo4j/driver/neo4j-java-driver/4.0.1/neo4j-java-driver-4.0.1.jar:/Users/smykovefim/.m2/repository/org/springframework/boot/spring-boot-starter-data-redis/2.3.1.RELEASE/spring-boot-starter-data-redis-2.3.1.RELEASE.jar:/Users/smykovefim/.m2/repository/org/springframework/data/spring-data-redis/2.3.1.RELEASE/spring-data-redis-2.3.1.RELEASE.jar:/Users/smykovefim/.m2/repository/org/springframework/data/spring-data-keyvalue/2.3.1.RELEASE/spring-data-keyvalue-2.3.1.RELEASE.jar:/Users/smykovefim/.m2/repository/org/springframework/spring-oxm/5.2.7.RELEASE/spring-oxm-5.2.7.RELEASE.jar:/Users/smykovefim/.m2/repository/org/springframework/spring-context-support/5.2.7.RELEASE/spring-context-support-5.2.7.RELEASE.jar:/Users/smykovefim/.m2/repository/io/lettuce/lettuce-core/5.3.1.RELEASE/lettuce-core-5.3.1.RELEASE.jar:/Users/smykovefim/.m2/repository/io/netty/netty-common/4.1.50.Final/netty-common-4.1.50.Final.jar:/Users/smykovefim/.m2/repository/io/netty/netty-handler/4.1.50.Final/netty-handler-4.1.50.Final.jar:/Users/smykovefim/.m2/repository/io/netty/netty-transport/4.1.50.Final/netty-transport-4.1.50.Final.jar:/Users/smykovefim/.m2/repository/io/projectreactor/reactor-core/3.3.6.RELEASE/reactor-core-3.3.6.RELEASE.jar:/Users/smykovefim/.m2/repository/org/reactivestreams/reactive-streams/1.0.3/reactive-streams-1.0.3.jar:/Users/smykovefim/.m2/repository/org/springframework/boot/spring-boot-starter-hateoas/2.3.1.RELEASE/spring-boot-starter-hateoas-2.3.1.RELEASE.jar:/Users/smykovefim/.m2/repository/org/springframework/hateoas/spring-hateoas/1.1.0.RELEASE/spring-hateoas-1.1.0.RELEASE.jar:/Users/smykovefim/.m2/repository/org/springframework/plugin/spring-plugin-core/2.0.0.RELEASE/spring-plugin-core-2.0.0.RELEASE.jar:/Users/smykovefim/.m2/repository/org/springframework/boot/spring-boot-starter-web/2.3.1.RELEASE/spring-boot-starter-web-2.3.1.RELEASE.jar:/Users/smykovefim/.m2/repository/org/springframework/boot/spring-boot-starter-json/2.3.1.RELEASE/spring-boot-starter-json-2.3.1.RELEASE.jar:/Users/smykovefim/.m2/repository/com/fasterxml/jackson/datatype/jackson-datatype-jdk8/2.11.0/jackson-datatype-jdk8-2.11.0.jar:/Users/smykovefim/.m2/repository/com/fasterxml/jackson/datatype/jackson-datatype-jsr310/2.11.0/jackson-datatype-jsr310-2.11.0.jar:/Users/smykovefim/.m2/repository/com/fasterxml/jackson/module/jackson-module-parameter-names/2.11.0/jackson-module-parameter-names-2.11.0.jar:/Users/smykovefim/.m2/repository/org/springframework/boot/spring-boot-starter-tomcat/2.3.1.RELEASE/spring-boot-starter-tomcat-2.3.1.RELEASE.jar:/Users/smykovefim/.m2/repository/org/apache/tomcat/embed/tomcat-embed-core/9.0.36/tomcat-embed-core-9.0.36.jar:/Users/smykovefim/.m2/repository/org/glassfish/jakarta.el/3.0.3/jakarta.el-3.0.3.jar:/Users/smykovefim/.m2/repository/org/apache/tomcat/embed/tomcat-embed-websocket/9.0.36/tomcat-embed-websocket-9.0.36.jar:/Users/smykovefim/.m2/repository/org/springframework/spring-web/5.2.7.RELEASE/spring-web-5.2.7.RELEASE.jar:/Users/smykovefim/.m2/repository/org/springframework/spring-webmvc/5.2.7.RELEASE/spring-webmvc-5.2.7.RELEASE.jar:/Users/smykovefim/.m2/repository/org/springframework/spring-expression/5.2.7.RELEASE/spring-expression-5.2.7.RELEASE.jar:/Users/smykovefim/.m2/repository/org/postgresql/postgresql/42.2.14/postgresql-42.2.14.jar:/Users/smykovefim/.m2/repository/org/springframework/boot/spring-boot-starter-test/2.3.1.RELEASE/spring-boot-starter-test-2.3.1.RELEASE.jar:/Users/smykovefim/.m2/repository/org/springframework/boot/spring-boot-test/2.3.1.RELEASE/spring-boot-test-2.3.1.RELEASE.jar:/Users/smykovefim/.m2/repository/org/springframework/boot/spring-boot-test-autoconfigure/2.3.1.RELEASE/spring-boot-test-autoconfigure-2.3.1.RELEASE.jar:/Users/smykovefim/.m2/repository/com/jayway/jsonpath/json-path/2.4.0/json-path-2.4.0.jar:/Users/smykovefim/.m2/repository/net/minidev/json-smart/2.3/json-smart-2.3.jar:/Users/smykovefim/.m2/repository/net/minidev/accessors-smart/1.2/accessors-smart-1.2.jar:/Users/smykovefim/.m2/repository/org/ow2/asm/asm/5.0.4/asm-5.0.4.jar:/Users/smykovefim/.m2/repository/jakarta/xml/bind/jakarta.xml.bind-api/2.3.3/jakarta.xml.bind-api-2.3.3.jar:/Users/smykovefim/.m2/repository/jakarta/activation/jakarta.activation-api/1.2.2/jakarta.activation-api-1.2.2.jar:/Users/smykovefim/.m2/repository/org/assertj/assertj-core/3.16.1/assertj-core-3.16.1.jar:/Users/smykovefim/.m2/repository/org/hamcrest/hamcrest/2.2/hamcrest-2.2.jar:/Users/smykovefim/.m2/repository/org/junit/jupiter/junit-jupiter/5.6.2/junit-jupiter-5.6.2.jar:/Users/smykovefim/.m2/repository/org/junit/jupiter/junit-jupiter-api/5.6.2/junit-jupiter-api-5.6.2.jar:/Users/smykovefim/.m2/repository/org/apiguardian/apiguardian-api/1.1.0/apiguardian-api-1.1.0.jar:/Users/smykovefim/.m2/repository/org/opentest4j/opentest4j/1.2.0/opentest4j-1.2.0.jar:/Users/smykovefim/.m2/repository/org/junit/platform/junit-platform-commons/1.6.2/junit-platform-commons-1.6.2.jar:/Users/smykovefim/.m2/repository/org/junit/jupiter/junit-jupiter-params/5.6.2/junit-jupiter-params-5.6.2.jar:/Users/smykovefim/.m2/repository/org/junit/jupiter/junit-jupiter-engine/5.6.2/junit-jupiter-engine-5.6.2.jar:/Users/smykovefim/.m2/repository/org/junit/platform/junit-platform-engine/1.6.2/junit-platform-engine-1.6.2.jar:/Users/smykovefim/.m2/repository/org/mockito/mockito-core/3.3.3/mockito-core-3.3.3.jar:/Users/smykovefim/.m2/repository/net/bytebuddy/byte-buddy-agent/1.10.11/byte-buddy-agent-1.10.11.jar:/Users/smykovefim/.m2/repository/org/objenesis/objenesis/2.6/objenesis-2.6.jar:/Users/smykovefim/.m2/repository/org/mockito/mockito-junit-jupiter/3.3.3/mockito-junit-jupiter-3.3.3.jar:/Users/smykovefim/.m2/repository/org/skyscreamer/jsonassert/1.5.0/jsonassert-1.5.0.jar:/Users/smykovefim/.m2/repository/com/vaadin/external/google/android-json/0.0.20131108.vaadin1/android-json-0.0.20131108.vaadin1.jar:/Users/smykovefim/.m2/repository/org/springframework/spring-core/5.2.7.RELEASE/spring-core-5.2.7.RELEASE.jar:/Users/smykovefim/.m2/repository/org/springframework/spring-jcl/5.2.7.RELEASE/spring-jcl-5.2.7.RELEASE.jar:/Users/smykovefim/.m2/repository/org/springframework/spring-test/5.2.7.RELEASE/spring-test-5.2.7.RELEASE.jar:/Users/smykovefim/.m2/repository/org/xmlunit/xmlunit-core/2.7.0/xmlunit-core-2.7.0.jar:/Users/smykovefim/.m2/repository/org/projectlombok/lombok/1.18.12/lombok-1.18.12.jar:/Users/smykovefim/.m2/repository/io/jsonwebtoken/jjwt/0.9.1/jjwt-0.9.1.jar:/Users/smykovefim/.m2/repository/com/fasterxml/jackson/core/jackson-databind/2.11.0/jackson-databind-2.11.0.jar:/Users/smykovefim/.m2/repository/com/fasterxml/jackson/core/jackson-annotations/2.11.0/jackson-annotations-2.11.0.jar:/Users/smykovefim/.m2/repository/javax/xml/bind/jaxb-api/2.3.1/jaxb-api-2.3.1.jar:/Users/smykovefim/.m2/repository/javax/activation/javax.activation-api/1.2.0/javax.activation-api-1.2.0.jar:/Users/smykovefim/.m2/repository/org/json/json/20200518/json-20200518.jar:/Users/smykovefim/.m2/repository/com/vladmihalcea/hibernate-types-52/2.9.13/hibernate-types-52-2.9.13.jar:/Users/smykovefim/.m2/repository/com/fasterxml/jackson/module/jackson-module-jaxb-annotations/2.11.0/jackson-module-jaxb-annotations-2.11.0.jar:/Users/smykovefim/.m2/repository/com/google/api-client/google-api-client/1.30.4/google-api-client-1.30.4.jar:/Users/smykovefim/.m2/repository/com/google/oauth-client/google-oauth-client/1.30.3/google-oauth-client-1.30.3.jar:/Users/smykovefim/.m2/repository/com/google/http-client/google-http-client/1.32.1/google-http-client-1.32.1.jar:/Users/smykovefim/.m2/repository/org/apache/httpcomponents/httpclient/4.5.12/httpclient-4.5.12.jar:/Users/smykovefim/.m2/repository/org/apache/httpcomponents/httpcore/4.4.13/httpcore-4.4.13.jar:/Users/smykovefim/.m2/repository/io/opencensus/opencensus-api/0.24.0/opencensus-api-0.24.0.jar:/Users/smykovefim/.m2/repository/io/grpc/grpc-context/1.22.1/grpc-context-1.22.1.jar:/Users/smykovefim/.m2/repository/io/opencensus/opencensus-contrib-http-util/0.24.0/opencensus-contrib-http-util-0.24.0.jar:/Users/smykovefim/.m2/repository/com/google/code/findbugs/jsr305/3.0.2/jsr305-3.0.2.jar:/Users/smykovefim/.m2/repository/com/google/http-client/google-http-client-jackson2/1.32.1/google-http-client-jackson2-1.32.1.jar:/Users/smykovefim/.m2/repository/com/google/guava/guava/28.0-android/guava-28.0-android.jar:/Users/smykovefim/.m2/repository/com/google/guava/failureaccess/1.0.1/failureaccess-1.0.1.jar:/Users/smykovefim/.m2/repository/com/google/guava/listenablefuture/9999.0-empty-to-avoid-conflict-with-guava/listenablefuture-9999.0-empty-to-avoid-conflict-with-guava.jar:/Users/smykovefim/.m2/repository/org/checkerframework/checker-compat-qual/2.5.5/checker-compat-qual-2.5.5.jar:/Users/smykovefim/.m2/repository/com/google/errorprone/error_prone_annotations/2.3.2/error_prone_annotations-2.3.2.jar:/Users/smykovefim/.m2/repository/com/google/j2objc/j2objc-annotations/1.3/j2objc-annotations-1.3.jar:/Users/smykovefim/.m2/repository/org/codehaus/mojo/animal-sniffer-annotations/1.17/animal-sniffer-annotations-1.17.jar:"/>
    <property name="sun.cpu.endian" value="little"/>
    <property name="user.home" value="/Users/smykovefim"/>
    <property name="user.language" value="en"/>
    <property name="java.specification.vendor" value="Oracle Corporation"/>
    <property name="java.version.date" value="2020-03-17"/>
    <property name="java.home" value="/Library/Java/JavaVirtualMachines/jdk-14.jdk/Contents/Home"/>
    <property name="file.separator" value="/"/>
    <property name="basedir" value="/Users/smykovefim/Documents/MyProjects/Java/jobsite"/>
    <property name="java.vm.compressedOopsMode" value="Zero based"/>
    <property name="line.separator" value="&#10;"/>
    <property name="java.specification.name" value="Java Platform API Specification"/>
    <property name="java.vm.specification.vendor" value="Oracle Corporation"/>
    <property name="surefire.real.class.path" value="/Users/smykovefim/Documents/MyProjects/Java/jobsite/target/surefire/surefirebooter8461783697607314595.jar"/>
    <property name="sun.management.compiler" value="HotSpot 64-Bit Tiered Compilers"/>
    <property name="ftp.nonProxyHosts" value="local|*.local|169.254/16|*.169.254/16"/>
    <property name="java.runtime.version" value="14+36-1461"/>
    <property name="user.name" value="smykovefim"/>
    <property name="path.separator" value=":"/>
    <property name="os.version" value="10.15.6"/>
    <property name="java.runtime.name" value="Java(TM) SE Runtime Environment"/>
    <property name="file.encoding" value="UTF-8"/>
    <property name="java.vm.name" value="Java HotSpot(TM) 64-Bit Server VM"/>
    <property name="localRepository" value="/Users/smykovefim/.m2/repository"/>
    <property name="java.vendor.url.bug" value="https://bugreport.java.com/bugreport/"/>
    <property name="java.io.tmpdir" value="/var/folders/1q/w1mc3yn55r7chfyl8vlwks6c0000gn/T/"/>
    <property name="java.version" value="14"/>
    <property name="user.dir" value="/Users/smykovefim/Documents/MyProjects/Java/jobsite"/>
    <property name="os.arch" value="x86_64"/>
    <property name="java.vm.specification.name" value="Java Virtual Machine Specification"/>
    <property name="java.library.path" value="/Users/smykovefim/Library/Java/Extensions:/Library/Java/Extensions:/Network/Library/Java/Extensions:/System/Library/Java/Extensions:/usr/lib/java:."/>
    <property name="java.vm.info" value="mixed mode, sharing"/>
    <property name="java.vendor" value="Oracle Corporation"/>
    <property name="java.vm.version" value="14+36-1461"/>
    <property name="sun.io.unicode.encoding" value="UnicodeBig"/>
    <property name="socksNonProxyHosts" value="local|*.local|169.254/16|*.169.254/16"/>
    <property name="java.class.version" value="58.0"/>
  </properties>
  <testcase name="contextLoads" classname="com.nutrymaco.jobsite.JobsiteApplicationTests" time="0.127"/>
</testsuite>